19:12:56:972 [ALWAYS]	GUDE Logging Started
19:12:56:973 [INFO]	SqliteResumeCache::SqliteResumeCache basedirectory is null/empty
19:12:56:973 [ERROR]	SqliteResumeCache::CreateSqliteResumeCache creating resume cache pointer failure
19:12:56:973 [ERROR]	Initialize resume cache pointer failure
19:12:56:973 [INFO]	gude policy POLICY_USER limit (2,2,1) chunk 2097152, chunking (UL 0 DL 1), resXfer 1, adapt 0, NSURL 0, timeout 86400 
19:12:56:973 [INFO]	Initialized -- gude-lib version: v0.12.1 app: gude
19:12:58:435 [WARN]	Ignoring attempt to reinit logging to \gude at level 4 retaining 3 days of logs
19:12:58:435 [INFO]	SqliteResumeCache::SqliteResumeCache basedirectory is null/empty
19:12:58:435 [ERROR]	SqliteResumeCache::CreateSqliteResumeCache creating resume cache pointer failure
19:12:58:435 [ERROR]	Initialize resume cache pointer failure
19:12:58:435 [INFO]	gude policy POLICY_USER limit (4,4,1) chunk 2097152, chunking (UL 0 DL 1), resXfer 1, adapt 0, NSURL 1, timeout 86400 
19:12:58:435 [INFO]	Initialized -- gude-lib version: v0.12.1 app: gude
19:15:15:990 [ALWAYS]	GUDE Logging Started
19:15:15:990 [INFO]	SqliteResumeCache::SqliteResumeCache basedirectory is null/empty
19:15:15:990 [ERROR]	SqliteResumeCache::CreateSqliteResumeCache creating resume cache pointer failure
19:15:15:990 [ERROR]	Initialize resume cache pointer failure
19:15:15:990 [INFO]	gude policy POLICY_USER limit (2,2,1) chunk 2097152, chunking (UL 0 DL 1), resXfer 1, adapt 0, NSURL 0, timeout 86400 
19:15:15:990 [INFO]	Initialized -- gude-lib version: v0.12.1 app: gude
19:15:17:414 [WARN]	Ignoring attempt to reinit logging to \gude at level 4 retaining 3 days of logs
19:15:17:414 [INFO]	SqliteResumeCache::SqliteResumeCache basedirectory is null/empty
19:15:17:414 [ERROR]	SqliteResumeCache::CreateSqliteResumeCache creating resume cache pointer failure
19:15:17:414 [ERROR]	Initialize resume cache pointer failure
19:15:17:414 [INFO]	gude policy POLICY_USER limit (4,4,1) chunk 2097152, chunking (UL 0 DL 1), resXfer 1, adapt 0, NSURL 1, timeout 86400 
19:15:17:414 [INFO]	Initialized -- gude-lib version: v0.12.1 app: gude
19:15:38:367 [ALWAYS]	GUDE Logging Started
19:15:38:368 [INFO]	SqliteResumeCache::SqliteResumeCache basedirectory is null/empty
19:15:38:368 [ERROR]	SqliteResumeCache::CreateSqliteResumeCache creating resume cache pointer failure
19:15:38:368 [ERROR]	Initialize resume cache pointer failure
19:15:38:368 [INFO]	gude policy POLICY_USER limit (2,2,1) chunk 2097152, chunking (UL 0 DL 1), resXfer 1, adapt 0, NSURL 0, timeout 86400 
19:15:38:368 [INFO]	Initialized -- gude-lib version: v0.12.1 app: gude
19:15:39:759 [WARN]	Ignoring attempt to reinit logging to \gude at level 4 retaining 3 days of logs
19:15:39:759 [INFO]	SqliteResumeCache::SqliteResumeCache basedirectory is null/empty
19:15:39:759 [ERROR]	SqliteResumeCache::CreateSqliteResumeCache creating resume cache pointer failure
19:15:39:759 [ERROR]	Initialize resume cache pointer failure
19:15:39:759 [INFO]	gude policy POLICY_USER limit (4,4,1) chunk 2097152, chunking (UL 0 DL 1), resXfer 1, adapt 0, NSURL 1, timeout 86400 
19:15:39:759 [INFO]	Initialized -- gude-lib version: v0.12.1 app: gude
